<?xml version="1.0" encoding="UTF-8"?>
<!-- Generated by org.testng.reporters.JUnitXMLReporter -->
<testsuite ignored="0" hostname="PACLAP-078" failures="1" tests="4" name="MyPrescription Test" time="158.608" errors="0" timestamp="2024-11-12T16:36:39 IST">
  <testcase classname="Utils.BaseTest" name="SignIn" time="54.062"/>
  <testcase classname="YiraHealth.Test.MyPrescriptionTest" name="prescriptionRecord" time="24.704"/>
  <testcase classname="Utils.BaseTest" name="SignIn" time="34.708"/>
  <testcase classname="YiraHealth.Test.MyMedicinesTest" name="addNewMedicine" time="9.103">
    <failure type="java.lang.IndexOutOfBoundsException" message="Index 4 out of bounds for length 3">
      <![CDATA[java.lang.IndexOutOfBoundsException: Index 4 out of bounds for length 3
at java.base/jdk.internal.util.Preconditions.outOfBounds(Preconditions.java:100)
at java.base/jdk.internal.util.Preconditions.outOfBoundsCheckIndex(Preconditions.java:106)
at java.base/jdk.internal.util.Preconditions.checkIndex(Preconditions.java:302)
at java.base/java.util.Objects.checkIndex(Objects.java:385)
at java.base/java.util.ArrayList.get(ArrayList.java:427)
at io.appium.java_client.pagefactory.ElementListInterceptor.getObject(ElementListInterceptor.java:40)
at io.appium.java_client.pagefactory.interceptors.InterceptorOfAListOfElements.call(InterceptorOfAListOfElements.java:47)
at io.appium.java_client.proxy.Interceptor.intercept(Interceptor.java:78)
at net.bytebuddy.renamed.java.util.ArrayList$ByteBuddy$kOTymehh.get(Unknown Source)
at yiraHealth.POM.MyMedicinesPage.verifyToClikingOnStartDateField(MyMedicinesPage.java:65)
at YiraHealth.Test.MyMedicinesTest.addNewMedicine(MyMedicinesTest.java:30)
at java.base/java.util.ArrayList.forEach(ArrayList.java:1596)
... Removed 27 stack frames]]>
    </failure>
  </testcase> <!-- addNewMedicine -->
</testsuite> <!-- MyPrescription Test -->
