<?xml version="1.0" encoding="UTF-8"?>
<!-- Generated by org.testng.reporters.JUnitXMLReporter -->
<testsuite ignored="0" hostname="PACLAP-078" failures="3" tests="3" name="SignIn Test" time="91.803" errors="0" timestamp="2024-11-19T15:27:05 IST">
  <testcase classname="YiraHealth.Test.SignInTest" name="SignIn" time="29.761">
    <failure type="java.lang.AssertionError" message="The following asserts failed:
	Exception occurred for email: priyank.a@paccore.com - Can&amp;apos;t locate an element by this strategy: By.chained({AppiumBy.id: com.android.permissioncontroller:id/permission_allow_foreground_only_button})">
      <![CDATA[java.lang.AssertionError: The following asserts failed:
Exception occurred for email: priyank.a@paccore.com - Can't locate an element by this strategy: By.chained({AppiumBy.id: com.android.permissioncontroller:id/permission_allow_foreground_only_button})
at YiraHealth.Test.SignInTest.SignIn(SignInTest.java:62)
at java.base/java.util.ArrayList.forEach(ArrayList.java:1596)
... Removed 27 stack frames]]>
    </failure>
  </testcase> <!-- SignIn -->
  <testcase classname="YiraHealth.Test.SignInTest" name="SignIn" time="20.44">
    <failure type="java.lang.AssertionError" message="The following asserts failed:
	Exception occurred for email: yiratest@gmail.com - Can&amp;apos;t locate an element by this strategy: By.chained({AppiumBy.accessibilityId: Sign In With Email})">
      <![CDATA[java.lang.AssertionError: The following asserts failed:
Exception occurred for email: yiratest@gmail.com - Can't locate an element by this strategy: By.chained({AppiumBy.accessibilityId: Sign In With Email})
at YiraHealth.Test.SignInTest.SignIn(SignInTest.java:62)
at java.base/java.util.ArrayList.forEach(ArrayList.java:1596)
... Removed 27 stack frames]]>
    </failure>
  </testcase> <!-- SignIn -->
  <testcase classname="YiraHealth.Test.SignInTest" name="SignIn" time="20.474">
    <failure type="java.lang.AssertionError" message="The following asserts failed:
	Exception occurred for email: yiratest@gmail.com - Can&amp;apos;t locate an element by this strategy: By.chained({AppiumBy.accessibilityId: Sign In With Email})">
      <![CDATA[java.lang.AssertionError: The following asserts failed:
Exception occurred for email: yiratest@gmail.com - Can't locate an element by this strategy: By.chained({AppiumBy.accessibilityId: Sign In With Email})
at YiraHealth.Test.SignInTest.SignIn(SignInTest.java:62)
at java.base/java.util.ArrayList.forEach(ArrayList.java:1596)
... Removed 27 stack frames]]>
    </failure>
  </testcase> <!-- SignIn -->
</testsuite> <!-- SignIn Test -->
